<?xml version="1.0" encoding="UTF-8"?>
<!-- Generated by org.testng.reporters.JUnitReportReporter -->
<testsuite hostname="DESKTOP-KHFPL78" failures="0" tests="2" name="Runner.RunnerDemoTestCase" time="10.964" errors="1" timestamp="2025-03-12T02:01:59 PDT" skipped="0">
  <testcase classname="Runner.RunnerDemoTestCase" name="runScenario" time="6.844"/>
  <testcase classname="Runner.RunnerDemoTestCase" name="runScenario" time="4.120">
    <error message="Cannot invoke &quot;BaseFiles.PageObject2.add()&quot; because &quot;this.page&quot; is null" type="java.lang.NullPointerException">
      <![CDATA[java.lang.NullPointerException: Cannot invoke "BaseFiles.PageObject2.add()" because "this.page" is null
at steps.AddStepCode.i_click_add_cart(AddStepCode.java:22)
at ✽.I click Add cart(file:///C:/Users/Administrator/eclipse-workspace/cucumberstructureproject2/src/test/resources/Features/Add.feature:4)
]]>
    </error>
  </testcase> <!-- runScenario -->
</testsuite> <!-- Runner.RunnerDemoTestCase -->
