<?xml version="1.0" encoding="UTF-8"?>
<!-- Generated by org.testng.reporters.JUnitReportReporter -->
<testsuite hostname="DESKTOP-KHFPL78" failures="0" tests="1" name="Runner.TestRunner" time="5.538" errors="1" timestamp="2025-03-14T03:14:32 PDT" skipped="0">
  <testcase classname="Runner.TestRunner" name="runScenario" time="5.538">
    <error message="Cannot invoke &quot;Pages.Homepage.validUrl()&quot; because &quot;this.homepage&quot; is null" type="java.lang.NullPointerException">
      <![CDATA[java.lang.NullPointerException: Cannot invoke "Pages.Homepage.validUrl()" because "this.homepage" is null
at StepDefinition.HomePageStepCode.validateurl(HomePageStepCode.java:29)
at ✽.I validate the link(file:///C:/Users/Administrator/eclipse-workspace/JpetStore/src/test/resources/Features/HomePage.feature:23)
]]>
    </error>
  </testcase> <!-- runScenario -->
</testsuite> <!-- Runner.TestRunner -->
